[Worker] Asking for task...
[Worker] Got response: Task { task_type: Map, task_data: TaskData { task_id: 0, input_files: ["input/file1.txt"], n_reduce: 5, output_path: "output" } }
[Worker] Map done, sending MapDone...
[Worker] Asking for task...
[Worker] Got response: Task { task_type: Map, task_data: TaskData { task_id: 1, input_files: ["input/file2.txt"], n_reduce: 5, output_path: "output" } }
[Worker] Map done, sending MapDone...
[Worker] Asking for task...
[Worker] Got response: Task { task_type: Map, task_data: TaskData { task_id: 2, input_files: ["input/file3.txt"], n_reduce: 5, output_path: "output" } }
[Worker] Map done, sending MapDone...
[Worker] Asking for task...
[Worker] Got response: Task { task_type: Map, task_data: TaskData { task_id: 3, input_files: ["input/file4.txt"], n_reduce: 5, output_path: "output" } }
[Worker] Map done, sending MapDone...
[Worker] Asking for task...
[Worker] Got response: Task { task_type: Map, task_data: TaskData { task_id: 4, input_files: ["input/file5.txt"], n_reduce: 5, output_path: "output" } }
[Worker] Map done, sending MapDone...
[Worker] Asking for task...
[Worker] Got response: Task { task_type: Reduce, task_data: TaskData { task_id: 0, input_files: ["output/mr-1-0", "output/mr-2-0", "output/mr-0-0", "output/mr-4-0", "output/mr-3-0"], n_reduce: 5, output_path: "output" } }
[Worker] Reduce done, sending ReduceDone...
[Worker] Asking for task...
[Worker] Got response: Task { task_type: Reduce, task_data: TaskData { task_id: 3, input_files: ["output/mr-1-3", "output/mr-2-3", "output/mr-0-3", "output/mr-4-3", "output/mr-3-3"], n_reduce: 5, output_path: "output" } }
[Worker] Reduce done, sending ReduceDone...
[Worker] Asking for task...
[Worker] Got response: Task { task_type: Reduce, task_data: TaskData { task_id: 4, input_files: ["output/mr-1-4", "output/mr-2-4", "output/mr-0-4", "output/mr-4-4", "output/mr-3-4"], n_reduce: 5, output_path: "output" } }
[Worker] Reduce done, sending ReduceDone...
[Worker] Asking for task...
[Worker] Got response: Task { task_type: Reduce, task_data: TaskData { task_id: 2, input_files: ["output/mr-1-2", "output/mr-2-2", "output/mr-0-2", "output/mr-4-2", "output/mr-3-2"], n_reduce: 5, output_path: "output" } }
[Worker] Reduce done, sending ReduceDone...
[Worker] Asking for task...
[Worker] Got response: Task { task_type: Reduce, task_data: TaskData { task_id: 1, input_files: ["output/mr-1-1", "output/mr-2-1", "output/mr-0-1", "output/mr-4-1", "output/mr-3-1"], n_reduce: 5, output_path: "output" } }
[Worker] Reduce done, sending ReduceDone...
[Worker] Asking for task...
[Worker] Got response: Exit
